#! /usr/bin/vvp
:ivl_version "12.0 (stable)" "(v12_0-dirty)";
:ivl_delay_selection "TYPICAL";
:vpi_time_precision + 0;
:vpi_module "/usr/lib/ivl/system.vpi";
:vpi_module "/usr/lib/ivl/vhdl_sys.vpi";
:vpi_module "/usr/lib/ivl/vhdl_textio.vpi";
:vpi_module "/usr/lib/ivl/v2005_math.vpi";
:vpi_module "/usr/lib/ivl/va_math.vpi";
S_0x5652efac9e70 .scope module, "bench" "bench" 2 1;
 .timescale 0 0;
v0x5652efadf500_0 .var "CLK", 0 0;
v0x5652efadf5c0_0 .net "LEDS", 1 0, L_0x5652efadf980;  1 drivers
L_0x7f791dcde018 .functor BUFT 1, C4<0>, C4<0>, C4<0>, C4<0>;
v0x5652efadf660_0 .net "RESET", 0 0, L_0x7f791dcde018;  1 drivers
v0x5652efadf700_0 .var "RXD", 0 0;
L_0x7f791dcde060 .functor BUFT 1, C4<0>, C4<0>, C4<0>, C4<0>;
v0x5652efadf7a0_0 .net "TXD", 0 0, L_0x7f791dcde060;  1 drivers
v0x5652efadf890_0 .var "prev_LEDS", 1 0;
S_0x5652efaca000 .scope module, "uut" "SOC" 2 8, 3 1 0, S_0x5652efac9e70;
 .timescale 0 0;
    .port_info 0 /INPUT 1 "CLK";
    .port_info 1 /INPUT 1 "RESET";
    .port_info 2 /OUTPUT 2 "LEDS";
    .port_info 3 /INPUT 1 "RXD";
    .port_info 4 /OUTPUT 1 "TXD";
L_0x5652efadf980 .functor BUFZ 2, v0x5652efadf2c0_0, C4<00>, C4<00>, C4<00>;
v0x5652efab8310_0 .net "CLK", 0 0, v0x5652efadf500_0;  1 drivers
v0x5652efadee90_0 .net "LEDS", 1 0, L_0x5652efadf980;  alias, 1 drivers
v0x5652efadef70_0 .net "RESET", 0 0, L_0x7f791dcde018;  alias, 1 drivers
v0x5652efadf010_0 .net "RXD", 0 0, v0x5652efadf700_0;  1 drivers
v0x5652efadf0d0_0 .net "TXD", 0 0, L_0x7f791dcde060;  alias, 1 drivers
v0x5652efadf1e0_0 .var "clk_divider", 3 0;
v0x5652efadf2c0_0 .var "count", 1 0;
v0x5652efadf3a0_0 .var "slow_clk", 0 0;
E_0x5652efacafb0 .event negedge, v0x5652efadf3a0_0;
E_0x5652efacb3f0 .event negedge, v0x5652efab8310_0;
    .scope S_0x5652efaca000;
T_0 ;
    %pushi/vec4 0, 0, 4;
    %store/vec4 v0x5652efadf1e0_0, 0, 4;
    %pushi/vec4 0, 0, 1;
    %store/vec4 v0x5652efadf3a0_0, 0, 1;
    %pushi/vec4 0, 0, 2;
    %store/vec4 v0x5652efadf2c0_0, 0, 2;
    %end;
    .thread T_0;
    .scope S_0x5652efaca000;
T_1 ;
    %wait E_0x5652efacb3f0;
    %load/vec4 v0x5652efadf1e0_0;
    %addi 1, 0, 4;
    %assign/vec4 v0x5652efadf1e0_0, 0;
    %load/vec4 v0x5652efadf1e0_0;
    %cmpi/e 0, 0, 4;
    %jmp/0xz  T_1.0, 4;
    %load/vec4 v0x5652efadf3a0_0;
    %inv;
    %assign/vec4 v0x5652efadf3a0_0, 0;
T_1.0 ;
    %jmp T_1;
    .thread T_1;
    .scope S_0x5652efaca000;
T_2 ;
    %wait E_0x5652efacafb0;
    %load/vec4 v0x5652efadf2c0_0;
    %addi 1, 0, 2;
    %assign/vec4 v0x5652efadf2c0_0, 0;
    %jmp T_2;
    .thread T_2;
    .scope S_0x5652efac9e70;
T_3 ;
    %pushi/vec4 0, 0, 1;
    %store/vec4 v0x5652efadf700_0, 0, 1;
    %pushi/vec4 0, 0, 2;
    %store/vec4 v0x5652efadf890_0, 0, 2;
    %end;
    .thread T_3;
    .scope S_0x5652efac9e70;
T_4 ;
    %vpi_call 2 19 "$dumpfile", "soc_testbench.vcd" {0 0 0};
    %vpi_call 2 20 "$dumpvars", 32'sb00000000000000000000000000000000, S_0x5652efac9e70 {0 0 0};
    %end;
    .thread T_4;
    .scope S_0x5652efac9e70;
T_5 ;
    %pushi/vec4 0, 0, 1;
    %store/vec4 v0x5652efadf500_0, 0, 1;
T_5.0 ;
    %delay 1, 0;
    %load/vec4 v0x5652efadf500_0;
    %inv;
    %store/vec4 v0x5652efadf500_0, 0, 1;
    %load/vec4 v0x5652efadf5c0_0;
    %load/vec4 v0x5652efadf890_0;
    %cmp/ne;
    %jmp/0xz  T_5.1, 4;
    %vpi_call 2 28 "$display", "LEDS = %b", v0x5652efadf5c0_0 {0 0 0};
T_5.1 ;
    %load/vec4 v0x5652efadf5c0_0;
    %assign/vec4 v0x5652efadf890_0, 0;
    %jmp T_5.0;
    %end;
    .thread T_5;
# The file index is used to find the file name in the following table.
:file_names 4;
    "N/A";
    "<interactive>";
    "testbench.v";
    "blinky.v";
